24-Mar-2018 10:55:47.913 INFO [main] org.apache.catalina.startup.VersionLoggerListener.log Server version:        Apache Tomcat/8.5.29
24-Mar-2018 10:55:47.928 INFO [main] org.apache.catalina.startup.VersionLoggerListener.log Server built:          Mar 5 2018 13:11:12 UTC
24-Mar-2018 10:55:47.928 INFO [main] org.apache.catalina.startup.VersionLoggerListener.log Server number:         8.5.29.0
24-Mar-2018 10:55:47.928 INFO [main] org.apache.catalina.startup.VersionLoggerListener.log OS Name:               Windows 10
24-Mar-2018 10:55:47.928 INFO [main] org.apache.catalina.startup.VersionLoggerListener.log OS Version:            10.0
24-Mar-2018 10:55:47.928 INFO [main] org.apache.catalina.startup.VersionLoggerListener.log Architecture:          amd64
24-Mar-2018 10:55:47.928 INFO [main] org.apache.catalina.startup.VersionLoggerListener.log Java Home:             C:\Program Files\Java\jdk-9.0.4
24-Mar-2018 10:55:47.928 INFO [main] org.apache.catalina.startup.VersionLoggerListener.log JVM Version:           9.0.4+11
24-Mar-2018 10:55:47.928 INFO [main] org.apache.catalina.startup.VersionLoggerListener.log JVM Vendor:            Oracle Corporation
24-Mar-2018 10:55:47.928 INFO [main] org.apache.catalina.startup.VersionLoggerListener.log CATALINA_BASE:         C:\Users\marci\Desktop\MedHack\MedHack\tomcat
24-Mar-2018 10:55:47.928 INFO [main] org.apache.catalina.startup.VersionLoggerListener.log CATALINA_HOME:         C:\Users\marci\Desktop\MedHack\MedHack\tomcat
24-Mar-2018 10:55:47.928 INFO [main] org.apache.catalina.startup.VersionLoggerListener.log Command line argument: --add-opens=java.base/java.lang=ALL-UNNAMED
24-Mar-2018 10:55:47.928 INFO [main] org.apache.catalina.startup.VersionLoggerListener.log Command line argument: --add-opens=java.rmi/sun.rmi.transport=ALL-UNNAMED
24-Mar-2018 10:55:47.928 INFO [main] org.apache.catalina.startup.VersionLoggerListener.log Command line argument: -Djava.util.logging.config.file=C:\Users\marci\Desktop\MedHack\MedHack\tomcat\conf\logging.properties
24-Mar-2018 10:55:47.928 INFO [main] org.apache.catalina.startup.VersionLoggerListener.log Command line argument: -Djava.util.logging.manager=org.apache.juli.ClassLoaderLogManager
24-Mar-2018 10:55:47.928 INFO [main] org.apache.catalina.startup.VersionLoggerListener.log Command line argument: -Djdk.tls.ephemeralDHKeySize=2048
24-Mar-2018 10:55:47.928 INFO [main] org.apache.catalina.startup.VersionLoggerListener.log Command line argument: -Djava.protocol.handler.pkgs=org.apache.catalina.webresources
24-Mar-2018 10:55:47.928 INFO [main] org.apache.catalina.startup.VersionLoggerListener.log Command line argument: -Dignore.endorsed.dirs=
24-Mar-2018 10:55:47.928 INFO [main] org.apache.catalina.startup.VersionLoggerListener.log Command line argument: -Dcatalina.base=C:\Users\marci\Desktop\MedHack\MedHack\tomcat
24-Mar-2018 10:55:47.928 INFO [main] org.apache.catalina.startup.VersionLoggerListener.log Command line argument: -Dcatalina.home=C:\Users\marci\Desktop\MedHack\MedHack\tomcat
24-Mar-2018 10:55:47.928 INFO [main] org.apache.catalina.startup.VersionLoggerListener.log Command line argument: -Djava.io.tmpdir=C:\Users\marci\Desktop\MedHack\MedHack\tomcat\temp
24-Mar-2018 10:55:47.928 INFO [main] org.apache.catalina.core.AprLifecycleListener.lifecycleEvent The APR based Apache Tomcat Native library which allows optimal performance in production environments was not found on the java.library.path: [C:\Program Files\Java\jdk-9.0.4\bin;C:\WINDOWS\Sun\Java\bin;C:\WINDOWS\system32;C:\WINDOWS;C:\ProgramData\Oracle\Java\javapath;C:\Windows\system32;C:\Windows;C:\Windows\System32\Wbem;C:\Windows\System32\WindowsPowerShell\v1.0\;C:\Program Files (x86)\NVIDIA Corporation\PhysX\Common;C:\WINDOWS\system32;C:\WINDOWS;C:\WINDOWS\System32\Wbem;C:\WINDOWS\System32\WindowsPowerShell\v1.0\;C:\Program Files\dotnet\;C:\Program Files\MySQL\MySQL Utilities 1.6\;C:\Program Files\Git\cmd;C:\Users\marci\AppData\Local\Microsoft\WindowsApps;C:\Program Files (x86)\apache-maven-3.5.3\bin;;.]
24-Mar-2018 10:55:48.022 INFO [main] org.apache.coyote.AbstractProtocol.init Initializing ProtocolHandler ["http-nio-8080"]
24-Mar-2018 10:55:48.159 INFO [main] org.apache.tomcat.util.net.NioSelectorPool.getSharedSelector Using a shared selector for servlet write/read
24-Mar-2018 10:55:48.167 INFO [main] org.apache.coyote.AbstractProtocol.init Initializing ProtocolHandler ["ajp-nio-8009"]
24-Mar-2018 10:55:48.173 INFO [main] org.apache.tomcat.util.net.NioSelectorPool.getSharedSelector Using a shared selector for servlet write/read
24-Mar-2018 10:55:48.174 INFO [main] org.apache.catalina.startup.Catalina.load Initialization processed in 1091 ms
24-Mar-2018 10:55:48.271 INFO [main] org.apache.catalina.core.StandardService.startInternal Starting service [Catalina]
24-Mar-2018 10:55:48.271 INFO [main] org.apache.catalina.core.StandardEngine.startInternal Starting Servlet Engine: Apache Tomcat/8.5.29
24-Mar-2018 10:55:48.318 INFO [localhost-startStop-1] org.apache.catalina.startup.HostConfig.deployWAR Deploying web application archive [C:\Users\marci\Desktop\MedHack\MedHack\tomcat\webapps\test.war]
24-Mar-2018 10:55:51.029 INFO [localhost-startStop-1] org.apache.jasper.servlet.TldScanner.scanJars At least one JAR was scanned for TLDs yet contained no TLDs. Enable debug logging for this logger for a complete list of JARs that were scanned but no TLDs were found in them. Skipping unneeded JARs during scanning can improve startup time and JSP compilation time.
24-Mar-2018 10:55:51.347 WARNING [localhost-startStop-1] org.apache.catalina.util.SessionIdGeneratorBase.createSecureRandom Creation of SecureRandom instance for session ID generation using [SHA1PRNG] took [146] milliseconds.
24-Mar-2018 10:55:51.597 INFO [localhost-startStop-1] org.springframework.web.servlet.FrameworkServlet.initServletBean FrameworkServlet 'appServlet': initialization started
24-Mar-2018 10:55:51.675 INFO [localhost-startStop-1] org.springframework.context.support.AbstractApplicationContext.prepareRefresh Refreshing WebApplicationContext for namespace 'appServlet-servlet': startup date [Sat Mar 24 10:55:51 EET 2018]; root of context hierarchy
24-Mar-2018 10:55:51.769 INFO [localhost-startStop-1] org.springframework.beans.factory.xml.XmlBeanDefinitionReader.loadBeanDefinitions Loading XML bean definitions from ServletContext resource [/WEB-INF/dispatcher-servlet.xml]
24-Mar-2018 10:55:52.989 INFO [localhost-startStop-1] org.springframework.web.servlet.handler.AbstractHandlerMethodMapping$MappingRegistry.register Mapped "{[/s],methods=[GET]}" onto public java.lang.String Controller.MyController.handle(org.springframework.ui.Model)
24-Mar-2018 10:55:53.161 INFO [localhost-startStop-1] org.springframework.web.servlet.mvc.method.annotation.RequestMappingHandlerAdapter.initControllerAdviceCache Looking for @ControllerAdvice: WebApplicationContext for namespace 'appServlet-servlet': startup date [Sat Mar 24 10:55:51 EET 2018]; root of context hierarchy
24-Mar-2018 10:55:53.270 INFO [localhost-startStop-1] org.springframework.web.servlet.mvc.method.annotation.RequestMappingHandlerAdapter.initControllerAdviceCache Looking for @ControllerAdvice: WebApplicationContext for namespace 'appServlet-servlet': startup date [Sat Mar 24 10:55:51 EET 2018]; root of context hierarchy
24-Mar-2018 10:55:53.542 INFO [localhost-startStop-1] org.springframework.web.servlet.FrameworkServlet.initServletBean FrameworkServlet 'appServlet': initialization completed in 1945 ms
24-Mar-2018 10:55:53.558 INFO [localhost-startStop-1] org.apache.catalina.startup.HostConfig.deployWAR Deployment of web application archive [C:\Users\marci\Desktop\MedHack\MedHack\tomcat\webapps\test.war] has finished in [5,240] ms
24-Mar-2018 10:55:53.558 INFO [localhost-startStop-1] org.apache.catalina.startup.HostConfig.deployDirectory Deploying web application directory [C:\Users\marci\Desktop\MedHack\MedHack\tomcat\webapps\docs]
24-Mar-2018 10:55:53.589 INFO [localhost-startStop-1] org.apache.catalina.startup.HostConfig.deployDirectory Deployment of web application directory [C:\Users\marci\Desktop\MedHack\MedHack\tomcat\webapps\docs] has finished in [31] ms
24-Mar-2018 10:55:53.589 INFO [localhost-startStop-1] org.apache.catalina.startup.HostConfig.deployDirectory Deploying web application directory [C:\Users\marci\Desktop\MedHack\MedHack\tomcat\webapps\examples]
24-Mar-2018 10:55:54.339 INFO [localhost-startStop-1] org.apache.catalina.startup.HostConfig.deployDirectory Deployment of web application directory [C:\Users\marci\Desktop\MedHack\MedHack\tomcat\webapps\examples] has finished in [750] ms
24-Mar-2018 10:55:54.339 INFO [localhost-startStop-1] org.apache.catalina.startup.HostConfig.deployDirectory Deploying web application directory [C:\Users\marci\Desktop\MedHack\MedHack\tomcat\webapps\host-manager]
24-Mar-2018 10:55:54.401 INFO [localhost-startStop-1] org.apache.catalina.startup.HostConfig.deployDirectory Deployment of web application directory [C:\Users\marci\Desktop\MedHack\MedHack\tomcat\webapps\host-manager] has finished in [62] ms
24-Mar-2018 10:55:54.401 INFO [localhost-startStop-1] org.apache.catalina.startup.HostConfig.deployDirectory Deploying web application directory [C:\Users\marci\Desktop\MedHack\MedHack\tomcat\webapps\manager]
24-Mar-2018 10:55:54.448 INFO [localhost-startStop-1] org.apache.catalina.startup.HostConfig.deployDirectory Deployment of web application directory [C:\Users\marci\Desktop\MedHack\MedHack\tomcat\webapps\manager] has finished in [47] ms
24-Mar-2018 10:55:54.448 INFO [localhost-startStop-1] org.apache.catalina.startup.HostConfig.deployDirectory Deploying web application directory [C:\Users\marci\Desktop\MedHack\MedHack\tomcat\webapps\ROOT]
24-Mar-2018 10:55:54.489 INFO [localhost-startStop-1] org.apache.catalina.startup.HostConfig.deployDirectory Deployment of web application directory [C:\Users\marci\Desktop\MedHack\MedHack\tomcat\webapps\ROOT] has finished in [41] ms
24-Mar-2018 10:55:54.496 INFO [main] org.apache.coyote.AbstractProtocol.start Starting ProtocolHandler ["http-nio-8080"]
24-Mar-2018 10:55:54.496 INFO [main] org.apache.coyote.AbstractProtocol.start Starting ProtocolHandler ["ajp-nio-8009"]
24-Mar-2018 10:55:54.511 INFO [main] org.apache.catalina.startup.Catalina.start Server startup in 6340 ms
